<?xml version="1.0" encoding="UTF-8"?>
<testng-results skipped="0" failed="0" ignored="0" total="1" passed="1">
  <reporter-output>
  </reporter-output>
  <suite name="Suite" duration-ms="61" started-at="2020-09-10T13:54:19 IST" finished-at="2020-09-10T13:54:19 IST">
    <groups>
    </groups>
    <test name="Test" duration-ms="61" started-at="2020-09-10T13:54:19 IST" finished-at="2020-09-10T13:54:19 IST">
      <class name="com.actitime.test.actitime.TestDemo">
        <test-method status="PASS" signature="testDemo()[pri:0, instance:com.actitime.test.actitime.TestDemo@464bee09]" name="testDemo" duration-ms="7" started-at="2020-09-10T13:54:19 IST" finished-at="2020-09-10T13:54:19 IST">
          <reporter-output>
          </reporter-output>
        </test-method> <!-- testDemo -->
      </class> <!-- com.actitime.test.actitime.TestDemo -->
    </test> <!-- Test -->
  </suite> <!-- Suite -->
</testng-results>
