<?xml version="1.0" encoding="UTF-8"?>
<!-- Generated by org.testng.reporters.JUnitXMLReporter -->
<testsuite hostname="DESKTOP-HSLV41C" ignored="0" name="Test" tests="3" failures="0" timestamp="2020-09-17T13:31:52 IST" time="0.061" errors="0">
  <testcase name="fff" time="0.006" classname="com.actitime.test.actitime.NWEW"/>
  <testcase name="ru" time="0.0" classname="com.actitime.test.actitime.Te"/>
  <testcase name="testDemo" time="0.0" classname="com.actitime.test.actitime.TestDemo"/>
</testsuite> <!-- Test -->
